<?xml version="1.0" encoding="UTF-8"?>
<coverage generated="1676906910119" clover="3.2.0">
  <project timestamp="1676906910119" name="All files">
    <metrics statements="7" coveredstatements="7" conditionals="1" coveredconditionals="1" methods="3" coveredmethods="3" elements="11" coveredelements="11" complexity="0" loc="7" ncloc="7" packages="1" files="2" classes="2"/>
    <file name="bankAccount.js" path="/Users/allengoh/Projects/Bank-Tech-Test-Javascript/models/bankAccount.js">
      <metrics statements="5" coveredstatements="5" conditionals="1" coveredconditionals="1" methods="2" coveredmethods="2"/>
      <line num="4" count="4" type="stmt"/>
      <line num="5" count="4" type="stmt"/>
      <line num="10" count="1" type="stmt"/>
      <line num="17" count="1" type="stmt"/>
      <line num="21" count="1" type="stmt"/>
    </file>
    <file name="statement.js" path="/Users/allengoh/Projects/Bank-Tech-Test-Javascript/models/statement.js">
      <metrics statements="2" coveredstatements="2" conditionals="0" coveredconditionals="0" methods="1" coveredmethods="1"/>
      <line num="4" count="1" type="stmt"/>
      <line num="8" count="1" type="stmt"/>
    </file>
  </project>
</coverage>
