{"/Users/allengoh/Projects/Bank-Tech-Test-Javascript/models/bankAccount.js": {"path":"/Users/allengoh/Projects/Bank-Tech-Test-Javascript/models/bankAccount.js","statementMap":{"0":{"start":{"line":4,"column":4},"end":{"line":4,"column":27}},"1":{"start":{"line":5,"column":4},"end":{"line":5,"column":30}},"2":{"start":{"line":10,"column":22},"end":{"line":15,"column":5}},"3":{"start":{"line":17,"column":4},"end":{"line":17,"column":43}},"4":{"start":{"line":21,"column":0},"end":{"line":21,"column":29}}},"fnMap":{"0":{"name":"(anonymous_0)","decl":{"start":{"line":3,"column":2},"end":{"line":3,"column":3}},"loc":{"start":{"line":3,"column":27},"end":{"line":6,"column":3}},"line":3},"1":{"name":"(anonymous_1)","decl":{"start":{"line":8,"column":2},"end":{"line":8,"column":3}},"loc":{"start":{"line":8,"column":41},"end":{"line":18,"column":3}},"line":8}},"branchMap":{"0":{"loc":{"start":{"line":3,"column":14},"end":{"line":3,"column":25}},"type":"default-arg","locations":[{"start":{"line":3,"column":24},"end":{"line":3,"column":25}}],"line":3}},"s":{"0":4,"1":4,"2":1,"3":1,"4":1},"f":{"0":4,"1":1},"b":{"0":[3]},"_coverageSchema":"1a1c01bbd47fc00a2c39e90264f33305004495a9","hash":"2cd5ee2534be4001ad9ba1d42c0a0ec512f425e1"}
,"/Users/allengoh/Projects/Bank-Tech-Test-Javascript/models/statement.js": {"path":"/Users/allengoh/Projects/Bank-Tech-Test-Javascript/models/statement.js","statementMap":{"0":{"start":{"line":4,"column":4},"end":{"line":4,"column":55}},"1":{"start":{"line":8,"column":0},"end":{"line":8,"column":27}}},"fnMap":{"0":{"name":"(anonymous_0)","decl":{"start":{"line":3,"column":2},"end":{"line":3,"column":3}},"loc":{"start":{"line":3,"column":16},"end":{"line":5,"column":3}},"line":3}},"branchMap":{},"s":{"0":1,"1":1},"f":{"0":1},"b":{},"_coverageSchema":"1a1c01bbd47fc00a2c39e90264f33305004495a9","hash":"3651424fa991ec173c76e095740f72aed6372b21"}
}
